<?xml version="1.0" encoding="UTF-8"?>
<!-- Generated by org.testng.reporters.JUnitReportReporter -->
<testsuite hostname="LAPTOP-COQFRCSP" failures="0" tests="1" name="api.utilities.ExcelRelated" time="1.323" errors="0" timestamp="2023-07-09T10:52:29 IST" skipped="0">
  <testcase classname="api.utilities.ExcelRelated" name="test" time="1.323"/>
  <system-out/>
</testsuite> <!-- api.utilities.ExcelRelated -->
