<?xml version="1.0" encoding="UTF-8"?>
<!-- Generated by org.testng.reporters.JUnitReportReporter -->
<testsuite hostname="LAPTOP-COQFRCSP" failures="0" tests="4" name="api.test.UserTest" time="16.075" errors="0" timestamp="2023-07-10T14:58:36 IST" skipped="0">
  <testcase classname="api.test.UserTest" name="createUesrs" time="7.679"/>
  <system-out/>
  <testcase classname="api.test.UserTest" name="getUsers" time="2.359"/>
  <system-out/>
  <testcase classname="api.test.UserTest" name="UpdateUesrs" time="4.138"/>
  <system-out/>
  <testcase classname="api.test.UserTest" name="deleteUsers" time="1.899"/>
  <system-out/>
</testsuite> <!-- api.test.UserTest -->
