<?xml version="1.0" encoding="UTF-8"?>
<!-- Generated by org.testng.reporters.JUnitReportReporter -->
<testsuite hostname="LAPTOP-COQFRCSP" failures="0" tests="6" name="api.test.UsersTest" time="14.299" errors="0" timestamp="2023-07-09T17:08:50 IST" skipped="0">
  <testcase classname="api.test.UsersTest" name="CreateMethod" time="1.818"/>
  <system-out/>
  <testcase classname="api.test.UsersTest" name="CreateMethod" time="1.863"/>
  <system-out/>
  <testcase classname="api.test.UsersTest" name="CreateMethod" time="5.260"/>
  <system-out/>
  <testcase classname="api.test.UsersTest" name="deleteMethod" time="1.755"/>
  <system-out/>
  <testcase classname="api.test.UsersTest" name="deleteMethod" time="1.788"/>
  <system-out/>
  <testcase classname="api.test.UsersTest" name="deleteMethod" time="1.815"/>
  <system-out/>
</testsuite> <!-- api.test.UsersTest -->
