<?xml version="1.0" encoding="UTF-8"?>
<!-- Generated by org.testng.reporters.JUnitReportReporter -->
<testsuite hostname="LAPTOP-COQFRCSP" failures="0" tests="4" name="api.test.UserTest2" time="14.611" errors="0" timestamp="2023-07-10T15:34:54 IST" skipped="0">
  <testcase classname="api.test.UserTest2" name="createUesrs" time="5.669"/>
  <system-out/>
  <testcase classname="api.test.UserTest2" name="getUsers" time="2.531"/>
  <system-out/>
  <testcase classname="api.test.UserTest2" name="UpdateUesrs" time="4.773"/>
  <system-out/>
  <testcase classname="api.test.UserTest2" name="deleteUsers" time="1.638"/>
  <system-out/>
</testsuite> <!-- api.test.UserTest2 -->
