<?xml version="1.0" encoding="UTF-8"?>
<!-- Generated by org.testng.reporters.JUnitReportReporter -->
<testsuite hostname="LAPTOP-COQFRCSP" failures="0" tests="4" name="api.test.UserTest2" time="16.837" errors="0" timestamp="2023-07-10T19:58:34 IST" skipped="0">
  <testcase classname="api.test.UserTest2" name="createUesrs" time="8.037"/>
  <testcase classname="api.test.UserTest2" name="getUsers" time="2.628"/>
  <testcase classname="api.test.UserTest2" name="UpdateUesrs" time="4.126"/>
  <testcase classname="api.test.UserTest2" name="deleteUsers" time="2.046"/>
</testsuite> <!-- api.test.UserTest2 -->
