<?xml version="1.0" encoding="UTF-8"?>
<!-- Generated by org.testng.reporters.JUnitReportReporter -->
<testsuite hostname="LAPTOP-COQFRCSP" failures="0" tests="4" name="api.test.UserTest2" time="17.839" errors="0" timestamp="2023-07-10T16:14:03 IST" skipped="0">
  <testcase classname="api.test.UserTest2" name="createUesrs" time="10.081"/>
  <testcase classname="api.test.UserTest2" name="getUsers" time="2.004"/>
  <testcase classname="api.test.UserTest2" name="UpdateUesrs" time="3.843"/>
  <testcase classname="api.test.UserTest2" name="deleteUsers" time="1.911"/>
</testsuite> <!-- api.test.UserTest2 -->
